<?xml version="1.0" encoding="UTF-8"?>
<!-- Generated by org.testng.reporters.JUnitReportReporter -->
<testsuite hostname="DESKTOP-33QI37J" failures="0" tests="2" name="com.adn.AdnSmsProject.Test.LoginTest" time="12.218" errors="0" timestamp="2023-01-17T16:16:37 OMST" skipped="0">
  <testcase classname="com.adn.AdnSmsProject.Test.LoginTest" name="logintest" time="4.324"/>
  <system-out/>
  <testcase classname="com.adn.AdnSmsProject.Test.LoginTest" name="homepagetitleverify" time="7.894"/>
  <system-out/>
</testsuite> <!-- com.adn.AdnSmsProject.Test.LoginTest -->
