<?xml version="1.0" encoding="UTF-8"?>
<!-- Generated by org.testng.reporters.JUnitReportReporter -->
<testsuite hostname="DESKTOP-33QI37J" failures="0" tests="1" name="com.adn.AdnSmsProject.Test.Gcamp" time="1.621" errors="0" timestamp="2023-01-17T16:16:37 OMST" skipped="0">
  <testcase classname="com.adn.AdnSmsProject.Test.Gcamp" name="gcamp" time="1.621"/>
  <system-out/>
</testsuite> <!-- com.adn.AdnSmsProject.Test.Gcamp -->
